2017.04.30 16:59:56 LDMud 3.3.720 (Build 3010) (stable)
2017.04.30 16:59:56 TLS: (OpenSSL) Keyfile 'key.pem', Certfile 'cert.pem'
2017.04.30 16:59:56 TLS: Error setting x509 keyfile:
2017.04.30 16:59:56 TLS: SSL error:02001002:system library:fopen:No such file or directory.
2017.04.30 16:59:56 TLS: SSL error:20074002:BIO routines:FILE_CTRL:system lib.
2017.04.30 16:59:56 TLS: SSL error:140B0002:SSL routines:SSL_CTX_use_PrivateKey_file:system lib.
2017.04.30 16:59:56 mySQL 5.5.54
2017.04.30 16:59:56 Attempting to start erq '/home/petebre/mymud/lp312/mudbin/erq'.
2017.04.30 16:59:56 Hostname 'loafy' address '174.137.154.70'
2017.04.30 16:59:56 UDP recv-socket requested for port: 3507
2017.04.30 17:00:01 LDMud ready for users.
2017.05.01 01:53:27 Failed to load file: 'players/ulath/crap/sofa'.
2017.05.01 01:53:27 program: players/mizan/closed/RandomRoom.c, object: players/mizan/etheriel/ROOMS/suzuka line 42
'   load_objects' in 'players/mizan/closed/RandomRoom.c' ('players/mizan/etheriel/ROOMS/suzuka') line 42
2017.05.01 01:53:27 Error in call out.
2017.05.03 20:34:10 Failed to load file: 'players/ulath/crap/sofa'.
2017.05.03 20:34:10 program: players/mizan/closed/RandomRoom.c, object: players/mizan/etheriel/ROOMS/suzuka line 42
'   load_objects' in 'players/mizan/closed/RandomRoom.c' ('players/mizan/etheriel/ROOMS/suzuka') line 42
2017.05.03 20:34:10 Error in call out.
2017.05.03 20:34:10 call_out: user 'mizan' had an error: rescheduling call_out.
2017.05.03 20:34:10 call_out: user 'mizan' had an error: rescheduling call_out.
2017.05.03 20:34:10 call_out: user 'mizan' had an error: rescheduling call_out.
2017.05.04 03:13:33 Failed to load file: 'players/ulath/crap/sofa'.
2017.05.04 03:13:33 program: players/mizan/closed/RandomRoom.c, object: players/mizan/etheriel/ROOMS/suzuka line 42
'   load_objects' in 'players/mizan/closed/RandomRoom.c' ('players/mizan/etheriel/ROOMS/suzuka') line 42
2017.05.04 03:13:33 Error in call out.
2017.05.04 15:38:53 Missing 'return <value>' statement.
2017.05.04 15:38:53 program: obj/go_player.c, object: obj/go_player#149 line 132
2017.05.05 16:06:11 Index for [] out of bounds: 50, vector size: 50
2017.05.05 16:06:11 program: obj/wiz_bull_board.c, object: obj/wiz_bull_board#2597 line 74
'          reset' in 'players/boltar/things/cop.c' ('players/boltar/things/cop#2369') line 13
'          reset' in '       obj/monster.c' ('players/boltar/things/cop#2369') line 116
'    random_move' in '       obj/monster.c' ('players/boltar/things/cop#2369') line 171
'          south' in '    room/adv_guild.c' ('      room/adv_guild') line 344
'    move_player' in '        obj/living.c' ('players/boltar/things/cop#2369') line 251
<lambda 0x8d5c429> in 'players/boltar/things/cop.c' ('players/boltar/things/cop#2369') offset 9
' _move_hook_fun' in '        obj/master.c' ('          obj/master') line 763
'           init' in 'obj/wiz_bull_board.c' ('obj/wiz_bull_board#2597') line 74
2017.05.05 16:06:11 Error in process_objects().
2017.05.05 16:41:17 Error in loading object: 'room/adv_inner3'.
2017.05.05 16:41:17 program: obj/living.c, object: players/boltar/things/cop#2369 line 251
'          reset' in 'players/boltar/things/cop.c' ('players/boltar/things/cop#2369') line 13
'          reset' in '       obj/monster.c' ('players/boltar/things/cop#2369') line 116
'    random_move' in '       obj/monster.c' ('players/boltar/things/cop#2369') line 169
'           move' in '         room/room.c' ('      room/adv_inner') line 313
'    move_player' in '        obj/living.c' ('players/boltar/things/cop#2369') line 251
2017.05.05 16:41:17 Error in process_objects().
2017.05.05 17:00:32 Index for [] out of bounds: 69, vector size: 69
2017.05.05 17:00:32 program: players/mizan/core/objectDM.c, object: players/mizan/core/objectDM line 603
'limited_issue_check' in 'players/mizan/core/weapon.c' ('players/mizan/etheriel/items/cardboard-tube') line 114
'count_object_instances' in 'players/mizan/core/objectDM.c' ('players/mizan/core/objectDM') line 603
2017.05.05 17:00:32 Error in call out.
2017.05.05 17:00:32 call_out: user 'mizan' had an error: rescheduling call_out.
2017.05.05 17:00:32 call_out: user 'mizan' had an error: rescheduling call_out.
2017.05.05 17:00:32 call_out: user 'mizan' had an error: rescheduling call_out.
2017.05.05 17:00:32 call_out: user 'mizan' had an error: rescheduling call_out.
2017.05.05 17:00:32 call_out: user 'mizan' had an error: rescheduling call_out.
2017.05.05 17:00:34 Index for [] out of bounds: 69, vector size: 69
2017.05.05 17:00:34 program: players/mizan/core/objectDM.c, object: players/mizan/core/objectDM line 603
'limited_issue_check' in 'players/mizan/core/weapon.c' ('players/mizan/etheriel/items/cardboard-tube#2621') line 114
'count_object_instances' in 'players/mizan/core/objectDM.c' ('players/mizan/core/objectDM') line 603
2017.05.05 17:00:34 Error in call out.
2017.05.05 17:00:34 call_out: user 'mizan' had an error: rescheduling call_out.
2017.05.05 17:00:34 call_out: user 'mizan' had an error: rescheduling call_out.
2017.05.05 17:00:34 call_out: user 'mizan' had an error: rescheduling call_out.
2017.05.06 01:59:51 Index for [] out of bounds: 30, vector size: 30
2017.05.06 01:59:51 program: obj/wiz_bull_board2.c, object: obj/wiz_bull_board2#2752 line 71
'          reset' in 'players/boltar/things/cop.c' ('players/boltar/things/cop#2369') line 13
'          reset' in '       obj/monster.c' ('players/boltar/things/cop#2369') line 116
'    random_move' in '       obj/monster.c' ('players/boltar/things/cop#2369') line 171
'           move' in '         room/room.c' ('      room/adv_inner') line 313
'    move_player' in '        obj/living.c' ('players/boltar/things/cop#2369') line 251
<lambda 0x8d5c429> in 'players/boltar/things/cop.c' ('players/boltar/things/cop#2369') offset 9
' _move_hook_fun' in '        obj/master.c' ('          obj/master') line 763
'           init' in 'obj/wiz_bull_board2.c' ('obj/wiz_bull_board2#2752') line 71
2017.05.06 01:59:51 Error in process_objects().
2017.05.06 10:46:51 Failed to load file: 'players/ulath/crap/sofa'.
2017.05.06 10:46:51 program: players/mizan/closed/RandomRoom.c, object: players/mizan/etheriel/ROOMS/suzuka line 42
'   load_objects' in 'players/mizan/closed/RandomRoom.c' ('players/mizan/etheriel/ROOMS/suzuka') line 42
2017.05.06 10:46:51 Error in call out.
2017.05.06 23:32:19 Index for [] out of bounds: 50, vector size: 50
2017.05.06 23:32:19 program: obj/wiz_bull_board.c, object: obj/wiz_bull_board#3147 line 74
'          reset' in 'players/boltar/things/cop.c' ('players/boltar/things/cop#2369') line 13
'          reset' in '       obj/monster.c' ('players/boltar/things/cop#2369') line 116
'    random_move' in '       obj/monster.c' ('players/boltar/things/cop#2369') line 172
'           move' in '         room/room.c' ('     room/adv_inner2') line 313
'    move_player' in '        obj/living.c' ('players/boltar/things/cop#2369') line 251
<lambda 0x8d5c429> in 'players/boltar/things/cop.c' ('players/boltar/things/cop#2369') offset 9
' _move_hook_fun' in '        obj/master.c' ('          obj/master') line 763
'           init' in 'obj/wiz_bull_board.c' ('obj/wiz_bull_board#3147') line 74
2017.05.06 23:32:19 Error in process_objects().
2017.05.07 06:06:41 Index for [] out of bounds: 30, vector size: 30
2017.05.07 06:06:41 program: obj/wiz_bull_board2.c, object: obj/wiz_bull_board2#3255 line 71
'          reset' in 'players/boltar/things/cop.c' ('players/boltar/things/cop#2369') line 13
'          reset' in '       obj/monster.c' ('players/boltar/things/cop#2369') line 116
'    random_move' in '       obj/monster.c' ('players/boltar/things/cop#2369') line 171
'           move' in '         room/room.c' ('      room/adv_inner') line 313
'    move_player' in '        obj/living.c' ('players/boltar/things/cop#2369') line 251
<lambda 0x8d5c429> in 'players/boltar/things/cop.c' ('players/boltar/things/cop#2369') offset 9
' _move_hook_fun' in '        obj/master.c' ('          obj/master') line 763
'           init' in 'obj/wiz_bull_board2.c' ('obj/wiz_bull_board2#3255') line 71
2017.05.07 06:06:41 Error in process_objects().
2017.05.07 17:53:47 Index for [] out of bounds: 50, vector size: 50
2017.05.07 17:53:47 program: obj/wiz_bull_board.c, object: obj/wiz_bull_board#3470 line 74
'          reset' in 'players/boltar/things/cop.c' ('players/boltar/things/cop#2369') line 13
'          reset' in '       obj/monster.c' ('players/boltar/things/cop#2369') line 116
'    random_move' in '       obj/monster.c' ('players/boltar/things/cop#2369') line 172
'           move' in '         room/room.c' ('     room/adv_inner2') line 313
'    move_player' in '        obj/living.c' ('players/boltar/things/cop#2369') line 251
<lambda 0x8d5c429> in 'players/boltar/things/cop.c' ('players/boltar/things/cop#2369') offset 9
' _move_hook_fun' in '        obj/master.c' ('          obj/master') line 763
'           init' in 'obj/wiz_bull_board.c' ('obj/wiz_bull_board#3470') line 74
2017.05.07 17:53:47 Error in process_objects().
2017.05.07 19:00:11 Failed to load file: 'players/ulath/crap/sofa'.
2017.05.07 19:00:11 program: players/mizan/closed/RandomRoom.c, object: players/mizan/etheriel/ROOMS/suzuka line 42
'   load_objects' in 'players/mizan/closed/RandomRoom.c' ('players/mizan/etheriel/ROOMS/suzuka') line 42
2017.05.07 19:00:11 Error in call out.
2017.05.08 00:33:30 Failed to load file: 'players/ulath/crap/sofa'.
2017.05.08 00:33:30 program: players/mizan/closed/RandomRoom.c, object: players/mizan/etheriel/ROOMS/suzuka line 42
'   load_objects' in 'players/mizan/closed/RandomRoom.c' ('players/mizan/etheriel/ROOMS/suzuka') line 42
2017.05.08 00:33:30 Error in call out.
2017.05.08 18:20:12 Index for [] out of bounds: 165, vector size: 165
2017.05.08 18:20:12 program: players/mizan/core/objectDM.c, object: players/mizan/core/objectDM line 603
'limited_issue_check' in 'players/mizan/core/weapon.c' ('players/mizan/etheriel/items/cardboard-tube') line 114
'count_object_instances' in 'players/mizan/core/objectDM.c' ('players/mizan/core/objectDM') line 603
2017.05.08 18:20:12 Error in call out.
2017.05.08 18:20:12 call_out: user 'mizan' had an error: rescheduling call_out.
2017.05.08 18:20:12 call_out: user 'mizan' had an error: rescheduling call_out.
2017.05.08 18:20:14 Index for [] out of bounds: 165, vector size: 165
2017.05.08 18:20:14 program: players/mizan/core/objectDM.c, object: players/mizan/core/objectDM line 603
'limited_issue_check' in 'players/mizan/core/weapon.c' ('players/mizan/etheriel/items/cardboard-tube#3871') line 114
'count_object_instances' in 'players/mizan/core/objectDM.c' ('players/mizan/core/objectDM') line 603
2017.05.08 18:20:14 Error in call out.
2017.05.08 18:20:14 call_out: user 'mizan' had an error: rescheduling call_out.
2017.05.08 18:20:14 call_out: user 'mizan' had an error: rescheduling call_out.
2017.05.08 18:20:16 Index for [] out of bounds: 168, vector size: 168
2017.05.08 18:20:16 program: players/mizan/core/objectDM.c, object: players/mizan/core/objectDM line 603
'limited_issue_check' in 'players/mizan/core/weapon.c' ('players/mizan/etheriel/items/cardboard-tube#3875') line 114
'count_object_instances' in 'players/mizan/core/objectDM.c' ('players/mizan/core/objectDM') line 603
2017.05.08 18:20:16 Error in call out.
2017.05.08 18:20:16 call_out: user 'mizan' had an error: rescheduling call_out.
2017.05.09 16:34:28 Failed to load file: 'players/ulath/crap/sofa'.
2017.05.09 16:34:28 program: players/mizan/closed/RandomRoom.c, object: players/mizan/etheriel/ROOMS/suzuka line 42
'   load_objects' in 'players/mizan/closed/RandomRoom.c' ('players/mizan/etheriel/ROOMS/suzuka') line 42
2017.05.09 16:34:28 Error in call out.
2017.05.09 16:34:28 call_out: user 'mizan' had an error: rescheduling call_out.
2017.05.10 01:26:54 Index for [] out of bounds: 53, vector size: 53
2017.05.10 01:26:54 program: players/mizan/core/objectDM.c, object: players/mizan/core/objectDM line 603
'limited_issue_check' in 'players/mizan/core/weapon.c' ('players/mizan/etheriel/items/cardboard-tube') line 114
'count_object_instances' in 'players/mizan/core/objectDM.c' ('players/mizan/core/objectDM') line 603
2017.05.10 01:26:54 Error in call out.
2017.05.10 01:26:54 call_out: user 'mizan' had an error: rescheduling call_out.
2017.05.10 01:26:56 Index for [] out of bounds: 53, vector size: 53
2017.05.10 01:26:56 program: players/mizan/core/objectDM.c, object: players/mizan/core/objectDM line 603
'limited_issue_check' in 'players/mizan/core/weapon.c' ('players/mizan/etheriel/items/cardboard-tube#4445') line 114
'count_object_instances' in 'players/mizan/core/objectDM.c' ('players/mizan/core/objectDM') line 603
2017.05.10 01:26:56 Error in call out.
2017.05.10 01:26:56 call_out: user 'mizan' had an error: rescheduling call_out.
2017.05.10 01:26:56 call_out: user 'mizan' had an error: rescheduling call_out.
2017.05.10 01:26:56 call_out: user 'mizan' had an error: rescheduling call_out.
2017.05.10 03:40:11 Failed to load file: 'players/ulath/crap/sofa'.
2017.05.10 03:40:11 program: players/mizan/closed/RandomRoom.c, object: players/mizan/etheriel/ROOMS/suzuka line 42
'   load_objects' in 'players/mizan/closed/RandomRoom.c' ('players/mizan/etheriel/ROOMS/suzuka') line 42
2017.05.10 03:40:11 Error in call out.
2017.05.15 10:20:32 Index for [] out of bounds: 174, vector size: 174
2017.05.15 10:20:32 program: players/mizan/core/objectDM.c, object: players/mizan/core/objectDM line 603
'limited_issue_check' in 'players/mizan/core/weapon.c' ('players/mizan/etheriel/items/cardboard-tube') line 114
'count_object_instances' in 'players/mizan/core/objectDM.c' ('players/mizan/core/objectDM') line 603
2017.05.15 10:20:32 Error in call out.
2017.05.15 10:20:32 call_out: user 'mizan' had an error: rescheduling call_out.
2017.05.15 10:20:32 call_out: user 'mizan' had an error: rescheduling call_out.
2017.05.15 10:20:32 call_out: user 'mizan' had an error: rescheduling call_out.
2017.05.15 10:20:32 call_out: user 'mizan' had an error: rescheduling call_out.
2017.05.15 10:20:32 call_out: user 'mizan' had an error: rescheduling call_out.
2017.05.15 10:20:32 call_out: user 'mizan' had an error: rescheduling call_out.
2017.05.15 10:20:32 call_out: user 'mizan' had an error: rescheduling call_out.
2017.05.15 10:20:34 Index for [] out of bounds: 175, vector size: 175
2017.05.15 10:20:34 program: players/mizan/core/objectDM.c, object: players/mizan/core/objectDM line 603
'limited_issue_check' in 'players/mizan/core/weapon.c' ('players/mizan/etheriel/items/cardboard-tube#6705') line 114
'count_object_instances' in 'players/mizan/core/objectDM.c' ('players/mizan/core/objectDM') line 603
2017.05.15 10:20:34 Error in call out.
2017.05.15 10:20:34 call_out: user 'mizan' had an error: rescheduling call_out.
2017.05.15 10:20:34 call_out: user 'mizan' had an error: rescheduling call_out.
2017.05.15 10:20:34 call_out: user 'mizan' had an error: rescheduling call_out.
2017.05.15 10:20:34 call_out: user 'mizan' had an error: rescheduling call_out.
2017.05.15 10:20:34 call_out: user 'mizan' had an error: rescheduling call_out.
2017.05.15 10:20:34 call_out: user 'mizan' had an error: rescheduling call_out.
2017.05.16 10:47:38 Failed to load file: 'players/ulath/crap/sofa'.
2017.05.16 10:47:38 program: players/mizan/closed/RandomRoom.c, object: players/mizan/etheriel/ROOMS/suzuka line 42
'   load_objects' in 'players/mizan/closed/RandomRoom.c' ('players/mizan/etheriel/ROOMS/suzuka') line 42
2017.05.16 10:47:38 Error in call out.
2017.05.16 10:47:38 call_out: user 'mizan' had an error: rescheduling call_out.
2017.05.16 10:47:38 call_out: user 'mizan' had an error: rescheduling call_out.
2017.05.16 10:47:38 call_out: user 'mizan' had an error: rescheduling call_out.
2017.05.17 02:20:11 Failed to load file: 'players/ulath/crap/sofa'.
2017.05.17 02:20:11 program: players/mizan/closed/RandomRoom.c, object: players/mizan/etheriel/ROOMS/suzuka line 42
'   load_objects' in 'players/mizan/closed/RandomRoom.c' ('players/mizan/etheriel/ROOMS/suzuka') line 42
2017.05.17 02:20:11 Error in call out.
2017.05.17 02:20:11 call_out: user 'mizan' had an error: rescheduling call_out.
2017.05.17 23:26:52 Failed to load file: 'players/ulath/crap/sofa'.
2017.05.17 23:26:52 program: players/mizan/closed/RandomRoom.c, object: players/mizan/etheriel/ROOMS/suzuka line 42
'   load_objects' in 'players/mizan/closed/RandomRoom.c' ('players/mizan/etheriel/ROOMS/suzuka') line 42
2017.05.17 23:26:52 Error in call out.
2017.05.17 23:26:52 call_out: user 'mizan' had an error: rescheduling call_out.
2017.05.17 23:26:52 call_out: user 'mizan' had an error: rescheduling call_out.
2017.05.17 23:26:52 call_out: user 'mizan' had an error: rescheduling call_out.
2017.05.17 23:26:52 call_out: user 'mizan' had an error: rescheduling call_out.
2017.05.17 23:26:52 call_out: user 'mizan' had an error: rescheduling call_out.
2017.05.17 23:26:52 call_out: user 'mizan' had an error: rescheduling call_out.
2017.05.18 02:47:11 Failed to load file: 'players/ulath/crap/sofa'.
2017.05.18 02:47:11 program: players/mizan/closed/RandomRoom.c, object: players/mizan/etheriel/ROOMS/suzuka line 42
'   load_objects' in 'players/mizan/closed/RandomRoom.c' ('players/mizan/etheriel/ROOMS/suzuka') line 42
2017.05.18 02:47:11 Error in call out.
2017.05.18 02:47:11 call_out: user 'mizan' had an error: rescheduling call_out.
2017.05.19 21:00:32 Failed to load file: 'players/ulath/crap/sofa'.
2017.05.19 21:00:32 program: players/mizan/closed/RandomRoom.c, object: players/mizan/etheriel/ROOMS/suzuka line 42
'   load_objects' in 'players/mizan/closed/RandomRoom.c' ('players/mizan/etheriel/ROOMS/suzuka') line 42
2017.05.19 21:00:32 Error in call out.
2017.05.19 21:00:32 call_out: user 'mizan' had an error: rescheduling call_out.
2017.05.19 21:00:32 call_out: user 'mizan' had an error: rescheduling call_out.
2017.05.19 21:00:32 call_out: user 'mizan' had an error: rescheduling call_out.
2017.05.19 21:00:32 call_out: user 'mizan' had an error: rescheduling call_out.
2017.05.20 02:33:52 Failed to load file: 'players/ulath/crap/sofa'.
2017.05.20 02:33:52 program: players/mizan/closed/RandomRoom.c, object: players/mizan/etheriel/ROOMS/suzuka line 42
'   load_objects' in 'players/mizan/closed/RandomRoom.c' ('players/mizan/etheriel/ROOMS/suzuka') line 42
2017.05.20 02:33:52 Error in call out.
2017.05.20 02:33:52 call_out: user 'mizan' had an error: rescheduling call_out.
2017.05.20 02:33:52 call_out: user 'mizan' had an error: rescheduling call_out.
2017.05.20 02:33:52 call_out: user 'mizan' had an error: rescheduling call_out.
2017.05.21 10:47:11 Index for [] out of bounds: 200, vector size: 200
2017.05.21 10:47:11 program: players/mizan/core/objectDM.c, object: players/mizan/core/objectDM line 603
'limited_issue_check' in 'players/mizan/core/weapon.c' ('players/mizan/etheriel/items/cardboard-tube') line 114
'count_object_instances' in 'players/mizan/core/objectDM.c' ('players/mizan/core/objectDM') line 603
2017.05.21 10:47:11 Error in call out.
2017.05.21 10:47:11 call_out: user 'mizan' had an error: rescheduling call_out.
2017.05.21 10:47:11 call_out: user 'mizan' had an error: rescheduling call_out.
2017.05.21 10:47:12 Index for [] out of bounds: 200, vector size: 200
2017.05.21 10:47:12 program: players/mizan/core/objectDM.c, object: players/mizan/core/objectDM line 603
'limited_issue_check' in 'players/mizan/core/weapon.c' ('players/mizan/etheriel/items/cardboard-tube#9005') line 114
'count_object_instances' in 'players/mizan/core/objectDM.c' ('players/mizan/core/objectDM') line 603
2017.05.21 10:47:12 Error in call out.
2017.05.21 10:47:12 call_out: user 'mizan' had an error: rescheduling call_out.
2017.05.21 10:47:12 call_out: user 'mizan' had an error: rescheduling call_out.
2017.05.21 10:47:12 call_out: user 'mizan' had an error: rescheduling call_out.
2017.05.21 10:47:12 call_out: user 'mizan' had an error: rescheduling call_out.
2017.05.21 10:47:12 call_out: user 'mizan' had an error: rescheduling call_out.
2017.05.21 10:47:12 call_out: user 'mizan' had an error: rescheduling call_out.
2017.05.21 10:47:12 call_out: user 'mizan' had an error: rescheduling call_out.
2017.05.21 10:47:12 call_out: user 'mizan' had an error: rescheduling call_out.
2017.05.21 10:47:12 call_out: user 'mizan' had an error: rescheduling call_out.
2017.05.21 15:13:58 Failed to load file: 'players/ulath/crap/sofa'.
2017.05.21 15:13:58 program: players/mizan/closed/RandomRoom.c, object: players/mizan/etheriel/ROOMS/suzuka line 42
'   load_objects' in 'players/mizan/closed/RandomRoom.c' ('players/mizan/etheriel/ROOMS/suzuka') line 42
2017.05.21 15:13:58 Error in call out.
2017.05.21 15:13:58 call_out: user 'mizan' had an error: rescheduling call_out.
2017.05.21 15:13:58 call_out: user 'mizan' had an error: rescheduling call_out.
2017.05.21 15:13:58 call_out: user 'mizan' had an error: rescheduling call_out.
2017.05.22 12:20:32 Failed to load file: 'players/ulath/crap/sofa'.
2017.05.22 12:20:32 program: players/mizan/closed/RandomRoom.c, object: players/mizan/etheriel/ROOMS/suzuka line 42
'   load_objects' in 'players/mizan/closed/RandomRoom.c' ('players/mizan/etheriel/ROOMS/suzuka') line 42
2017.05.22 12:20:32 Error in call out.
2017.05.22 12:20:32 call_out: user 'mizan' had an error: rescheduling call_out.
2017.05.22 12:20:32 call_out: user 'mizan' had an error: rescheduling call_out.
2017.05.22 14:33:52 Failed to load file: 'players/ulath/crap/sofa'.
2017.05.22 14:33:52 program: players/mizan/closed/RandomRoom.c, object: players/mizan/etheriel/ROOMS/suzuka line 42
'   load_objects' in 'players/mizan/closed/RandomRoom.c' ('players/mizan/etheriel/ROOMS/suzuka') line 42
2017.05.22 14:33:52 Error in call out.
2017.05.22 21:13:52 Failed to load file: 'players/ulath/crap/sofa'.
2017.05.22 21:13:52 program: players/mizan/closed/RandomRoom.c, object: players/mizan/etheriel/ROOMS/suzuka line 42
'   load_objects' in 'players/mizan/closed/RandomRoom.c' ('players/mizan/etheriel/ROOMS/suzuka') line 42
2017.05.22 21:13:52 Error in call out.
2017.05.22 21:13:52 call_out: user 'mizan' had an error: rescheduling call_out.
2017.05.22 21:13:52 call_out: user 'mizan' had an error: rescheduling call_out.
2017.05.22 21:13:52 call_out: user 'mizan' had an error: rescheduling call_out.
2017.05.23 02:47:12 Failed to load file: 'players/ulath/crap/sofa'.
2017.05.23 02:47:12 program: players/mizan/closed/RandomRoom.c, object: players/mizan/etheriel/ROOMS/suzuka line 42
'   load_objects' in 'players/mizan/closed/RandomRoom.c' ('players/mizan/etheriel/ROOMS/suzuka') line 42
2017.05.23 02:47:12 Error in call out.
2017.05.23 02:47:12 call_out: user 'mizan' had an error: rescheduling call_out.
2017.05.23 02:47:12 call_out: user 'mizan' had an error: rescheduling call_out.
2017.05.23 23:54:00 Failed to load file: 'players/ulath/crap/sofa'.
2017.05.23 23:54:00 program: players/mizan/closed/RandomRoom.c, object: players/mizan/etheriel/ROOMS/suzuka line 42
'   load_objects' in 'players/mizan/closed/RandomRoom.c' ('players/mizan/etheriel/ROOMS/suzuka') line 42
2017.05.23 23:54:00 Error in call out.
2017.05.25 11:27:15 Failed to load file: 'players/ulath/crap/sofa'.
2017.05.25 11:27:15 program: players/mizan/closed/RandomRoom.c, object: players/mizan/etheriel/ROOMS/suzuka line 42
'   load_objects' in 'players/mizan/closed/RandomRoom.c' ('players/mizan/etheriel/ROOMS/suzuka') line 42
2017.05.25 11:27:15 Error in call out.
2017.05.26 20:47:12 Failed to load file: 'players/ulath/crap/sofa'.
2017.05.26 20:47:12 program: players/mizan/closed/RandomRoom.c, object: players/mizan/etheriel/ROOMS/suzuka line 42
'   load_objects' in 'players/mizan/closed/RandomRoom.c' ('players/mizan/etheriel/ROOMS/suzuka') line 42
2017.05.26 20:47:12 Error in call out.
2017.05.26 20:47:12 call_out: user 'mizan' had an error: rescheduling call_out.
2017.05.26 20:47:12 call_out: user 'mizan' had an error: rescheduling call_out.
2017.05.26 20:47:12 call_out: user 'mizan' had an error: rescheduling call_out.
2017.05.26 20:47:12 call_out: user 'mizan' had an error: rescheduling call_out.
2017.05.27 00:07:12 Failed to load file: 'players/ulath/crap/sofa'.
2017.05.27 00:07:12 program: players/mizan/closed/RandomRoom.c, object: players/mizan/etheriel/ROOMS/suzuka line 42
'   load_objects' in 'players/mizan/closed/RandomRoom.c' ('players/mizan/etheriel/ROOMS/suzuka') line 42
2017.05.27 00:07:12 Error in call out.
2017.05.27 06:47:12 Failed to load file: 'players/ulath/crap/sofa'.
2017.05.27 06:47:12 program: players/mizan/closed/RandomRoom.c, object: players/mizan/etheriel/ROOMS/suzuka line 42
'   load_objects' in 'players/mizan/closed/RandomRoom.c' ('players/mizan/etheriel/ROOMS/suzuka') line 42
2017.05.27 06:47:12 Error in call out.
2017.05.27 22:20:32 Failed to load file: 'players/ulath/crap/sofa'.
2017.05.27 22:20:32 program: players/mizan/closed/RandomRoom.c, object: players/mizan/etheriel/ROOMS/suzuka line 42
'   load_objects' in 'players/mizan/closed/RandomRoom.c' ('players/mizan/etheriel/ROOMS/suzuka') line 42
2017.05.27 22:20:33 Error in call out.
2017.05.29 05:27:13 Failed to load file: 'players/ulath/crap/sofa'.
2017.05.29 05:27:13 program: players/mizan/closed/RandomRoom.c, object: players/mizan/etheriel/ROOMS/suzuka line 42
'   load_objects' in 'players/mizan/closed/RandomRoom.c' ('players/mizan/etheriel/ROOMS/suzuka') line 42
2017.05.29 05:27:13 Error in call out.
2017.05.29 13:13:56 Index for [] out of bounds: 120, vector size: 120
2017.05.29 13:13:56 program: players/mizan/core/objectDM.c, object: players/mizan/core/objectDM line 603
'limited_issue_check' in 'players/mizan/core/weapon.c' ('players/mizan/etheriel/items/cardboard-tube') line 114
'count_object_instances' in 'players/mizan/core/objectDM.c' ('players/mizan/core/objectDM') line 603
2017.05.29 13:13:56 Error in call out.
2017.05.29 13:13:56 call_out: user 'mizan' had an error: rescheduling call_out.
2017.05.29 13:13:56 call_out: user 'mizan' had an error: rescheduling call_out.
2017.05.29 13:13:56 call_out: user 'mizan' had an error: rescheduling call_out.
2017.05.29 13:13:56 call_out: user 'mizan' had an error: rescheduling call_out.
2017.05.29 13:13:56 call_out: user 'mizan' had an error: rescheduling call_out.
2017.05.29 13:13:56 call_out: user 'mizan' had an error: rescheduling call_out.
2017.05.29 13:13:56 call_out: user 'mizan' had an error: rescheduling call_out.
2017.05.29 13:13:56 call_out: user 'mizan' had an error: rescheduling call_out.
2017.05.29 13:13:56 call_out: user 'mizan' had an error: rescheduling call_out.
2017.05.29 13:13:58 Index for [] out of bounds: 120, vector size: 120
2017.05.29 13:13:58 program: players/mizan/core/objectDM.c, object: players/mizan/core/objectDM line 603
'limited_issue_check' in 'players/mizan/core/weapon.c' ('players/mizan/etheriel/items/cardboard-tube#12140') line 114
'count_object_instances' in 'players/mizan/core/objectDM.c' ('players/mizan/core/objectDM') line 603
2017.05.29 13:13:58 Error in call out.
2017.05.29 13:13:58 call_out: user 'mizan' had an error: rescheduling call_out.
2017.05.29 13:13:58 call_out: user 'mizan' had an error: rescheduling call_out.
2017.05.29 13:13:58 call_out: user 'mizan' had an error: rescheduling call_out.
2017.05.29 13:13:58 call_out: user 'mizan' had an error: rescheduling call_out.
2017.05.29 13:13:58 call_out: user 'mizan' had an error: rescheduling call_out.
2017.05.29 13:13:58 call_out: user 'mizan' had an error: rescheduling call_out.
2017.05.29 13:13:58 call_out: user 'mizan' had an error: rescheduling call_out.
2017.05.29 15:27:22 Failed to load file: 'players/ulath/crap/sofa'.
2017.05.29 15:27:22 program: players/mizan/closed/RandomRoom.c, object: players/mizan/etheriel/ROOMS/suzuka line 42
'   load_objects' in 'players/mizan/closed/RandomRoom.c' ('players/mizan/etheriel/ROOMS/suzuka') line 42
2017.05.29 15:27:22 Error in call out.
2017.05.29 15:27:22 call_out: user 'mizan' had an error: rescheduling call_out.
2017.05.30 11:27:12 Failed to load file: 'players/ulath/crap/sofa'.
2017.05.30 11:27:12 program: players/mizan/closed/RandomRoom.c, object: players/mizan/etheriel/ROOMS/suzuka line 42
'   load_objects' in 'players/mizan/closed/RandomRoom.c' ('players/mizan/etheriel/ROOMS/suzuka') line 42
2017.05.30 11:27:12 Error in call out.
2017.05.30 11:27:12 call_out: user 'mizan' had an error: rescheduling call_out.
2017.05.30 11:27:12 call_out: user 'mizan' had an error: rescheduling call_out.
2017.05.31 05:13:52 Failed to load file: 'players/ulath/crap/sofa'.
2017.05.31 05:13:52 program: players/mizan/closed/RandomRoom.c, object: players/mizan/etheriel/ROOMS/suzuka line 42
'   load_objects' in 'players/mizan/closed/RandomRoom.c' ('players/mizan/etheriel/ROOMS/suzuka') line 42
2017.05.31 05:13:52 Error in call out.
2017.05.31 05:13:52 call_out: user 'mizan' had an error: rescheduling call_out.
2017.05.31 05:13:52 call_out: user 'mizan' had an error: rescheduling call_out.
2017.05.31 05:13:52 call_out: user 'mizan' had an error: rescheduling call_out.
2017.05.31 11:54:05 Failed to load file: 'players/ulath/crap/sofa'.
2017.05.31 11:54:05 program: players/mizan/closed/RandomRoom.c, object: players/mizan/etheriel/ROOMS/suzuka line 42
'   load_objects' in 'players/mizan/closed/RandomRoom.c' ('players/mizan/etheriel/ROOMS/suzuka') line 42
2017.05.31 11:54:05 Error in call out.
2017.05.31 15:14:14 Failed to load file: 'players/ulath/crap/sofa'.
2017.05.31 15:14:14 program: players/mizan/closed/RandomRoom.c, object: players/mizan/etheriel/ROOMS/suzuka line 42
'   load_objects' in 'players/mizan/closed/RandomRoom.c' ('players/mizan/etheriel/ROOMS/suzuka') line 42
2017.05.31 15:14:14 Error in call out.
2017.05.31 15:14:14 call_out: user 'mizan' had an error: rescheduling call_out.
2017.05.31 15:14:14 call_out: user 'mizan' had an error: rescheduling call_out.
2017.05.31 17:02:18 Error (104) upon reading socket 8 (ip 0x92d3560 'obj/player#13001'), closing connection: Connection reset by peer
2017.05.31 17:11:51 Undefined function: save_wiz_file
2017.05.31 17:11:51 program: obj/master.c, object: obj/master line 2796
'notify_shutdown' in '        obj/master.c' ('          obj/master') line 1654
'  save_wiz_file' in '        obj/master.c' ('          obj/master') line 2796
2017.05.31 17:11:51 Error in master_ob->notify_shutdown()
