2017.05.31 17:11:51 LDMud 3.3.720 (Build 3010) (stable)
2017.05.31 17:11:51 TLS: (OpenSSL) Keyfile 'key.pem', Certfile 'cert.pem'
2017.05.31 17:11:51 TLS: Error setting x509 keyfile:
2017.05.31 17:11:51 TLS: SSL error:02001002:system library:fopen:No such file or directory.
2017.05.31 17:11:51 TLS: SSL error:20074002:BIO routines:FILE_CTRL:system lib.
2017.05.31 17:11:51 TLS: SSL error:140B0002:SSL routines:SSL_CTX_use_PrivateKey_file:system lib.
2017.05.31 17:11:51 mySQL 5.5.54
2017.05.31 17:11:51 Attempting to start erq '/home/petebre/mymud/lp312/mudbin/erq'.
2017.05.31 17:11:51 Hostname 'loafy' address '174.137.154.70'
2017.05.31 17:11:51 UDP recv-socket requested for port: 3507
2017.05.31 17:11:56 LDMud ready for users.
2017.06.01 17:21:40 Missing 'return <value>' statement.
2017.06.01 17:21:40 program: obj/go_player.c, object: obj/go_player#151 line 132
2017.06.18 11:52:03 Index for [] out of bounds: 101, vector size: 101
2017.06.18 11:52:03 program: players/mizan/core/objectDM.c, object: players/mizan/core/objectDM line 603
'limited_issue_check' in 'players/mizan/core/weapon.c' ('players/mizan/etheriel/items/cardboard-tube') line 114
'count_object_instances' in 'players/mizan/core/objectDM.c' ('players/mizan/core/objectDM') line 603
2017.06.18 11:52:04 Error in call out.
2017.06.18 11:52:04 call_out: user 'mizan' had an error: rescheduling call_out.
2017.06.18 11:52:04 call_out: user 'mizan' had an error: rescheduling call_out.
2017.06.18 11:52:04 call_out: user 'mizan' had an error: rescheduling call_out.
2017.06.18 11:52:04 call_out: user 'mizan' had an error: rescheduling call_out.
2017.06.18 11:52:04 call_out: user 'mizan' had an error: rescheduling call_out.
2017.06.18 11:52:05 Index for [] out of bounds: 101, vector size: 101
2017.06.18 11:52:05 program: players/mizan/core/objectDM.c, object: players/mizan/core/objectDM line 603
'limited_issue_check' in 'players/mizan/core/weapon.c' ('players/mizan/etheriel/items/cardboard-tube#7720') line 114
'count_object_instances' in 'players/mizan/core/objectDM.c' ('players/mizan/core/objectDM') line 603
2017.06.18 11:52:05 Error in call out.
2017.06.18 11:52:05 call_out: user 'mizan' had an error: rescheduling call_out.
2017.06.18 11:52:05 call_out: user 'mizan' had an error: rescheduling call_out.
2017.06.18 11:52:05 call_out: user 'mizan' had an error: rescheduling call_out.
2017.06.18 11:52:05 call_out: user 'mizan' had an error: rescheduling call_out.
2017.06.20 23:52:43 Index for [] out of bounds: 196, vector size: 196
2017.06.20 23:52:43 program: players/mizan/core/objectDM.c, object: players/mizan/core/objectDM line 603
'limited_issue_check' in 'players/mizan/core/weapon.c' ('players/mizan/etheriel/items/cardboard-tube') line 114
'count_object_instances' in 'players/mizan/core/objectDM.c' ('players/mizan/core/objectDM') line 603
2017.06.20 23:52:43 Error in call out.
2017.06.20 23:52:43 call_out: user 'mizan' had an error: rescheduling call_out.
2017.06.20 23:52:43 call_out: user 'mizan' had an error: rescheduling call_out.
2017.06.20 23:52:43 call_out: user 'mizan' had an error: rescheduling call_out.
2017.06.20 23:52:43 call_out: user 'mizan' had an error: rescheduling call_out.
2017.06.20 23:52:43 call_out: user 'mizan' had an error: rescheduling call_out.
2017.06.20 23:52:43 call_out: user 'mizan' had an error: rescheduling call_out.
2017.06.20 23:52:43 call_out: user 'mizan' had an error: rescheduling call_out.
2017.06.20 23:52:45 Index for [] out of bounds: 196, vector size: 196
2017.06.20 23:52:45 program: players/mizan/core/objectDM.c, object: players/mizan/core/objectDM line 603
'limited_issue_check' in 'players/mizan/core/weapon.c' ('players/mizan/etheriel/items/cardboard-tube#8721') line 114
'count_object_instances' in 'players/mizan/core/objectDM.c' ('players/mizan/core/objectDM') line 603
2017.06.20 23:52:45 Error in call out.
2017.06.20 23:52:45 call_out: user 'mizan' had an error: rescheduling call_out.
2017.06.20 23:52:45 call_out: user 'mizan' had an error: rescheduling call_out.
2017.06.20 23:52:45 call_out: user 'mizan' had an error: rescheduling call_out.
2017.06.20 23:52:45 call_out: user 'mizan' had an error: rescheduling call_out.
2017.06.20 23:52:45 call_out: user 'mizan' had an error: rescheduling call_out.
2017.06.20 23:52:45 call_out: user 'mizan' had an error: rescheduling call_out.
2017.06.20 23:52:45 call_out: user 'mizan' had an error: rescheduling call_out.
2017.06.20 23:52:45 call_out: user 'mizan' had an error: rescheduling call_out.
2017.06.24 22:18:41 Index for [] out of bounds: 148, vector size: 148
2017.06.24 22:18:41 program: players/mizan/core/objectDM.c, object: players/mizan/core/objectDM line 603
'limited_issue_check' in 'players/mizan/core/weapon.c' ('players/mizan/etheriel/items/cardboard-tube') line 114
'count_object_instances' in 'players/mizan/core/objectDM.c' ('players/mizan/core/objectDM') line 603
2017.06.24 22:18:41 Error in call out.
2017.06.24 22:18:41 call_out: user 'mizan' had an error: rescheduling call_out.
2017.06.24 22:18:41 call_out: user 'mizan' had an error: rescheduling call_out.
2017.06.24 22:18:41 call_out: user 'mizan' had an error: rescheduling call_out.
2017.06.24 22:18:41 call_out: user 'mizan' had an error: rescheduling call_out.
2017.06.24 22:18:41 call_out: user 'mizan' had an error: rescheduling call_out.
2017.06.24 22:18:41 call_out: user 'mizan' had an error: rescheduling call_out.
2017.06.24 22:18:44 Index for [] out of bounds: 149, vector size: 149
2017.06.24 22:18:44 program: players/mizan/core/objectDM.c, object: players/mizan/core/objectDM line 603
'limited_issue_check' in 'players/mizan/core/weapon.c' ('players/mizan/etheriel/items/cardboard-tube#10092') line 114
'count_object_instances' in 'players/mizan/core/objectDM.c' ('players/mizan/core/objectDM') line 603
2017.06.24 22:18:44 Error in call out.
2017.06.24 22:18:44 call_out: user 'mizan' had an error: rescheduling call_out.
2017.06.24 22:18:44 call_out: user 'mizan' had an error: rescheduling call_out.
2017.06.24 22:18:44 call_out: user 'mizan' had an error: rescheduling call_out.
2017.06.24 22:18:44 call_out: user 'mizan' had an error: rescheduling call_out.
2017.06.24 22:18:44 call_out: user 'mizan' had an error: rescheduling call_out.
2017.06.27 04:45:27 Index for [] out of bounds: 200, vector size: 200
2017.06.27 04:45:27 program: players/mizan/core/objectDM.c, object: players/mizan/core/objectDM line 603
'limited_issue_check' in 'players/mizan/core/weapon.c' ('players/mizan/etheriel/items/cardboard-tube') line 114
'count_object_instances' in 'players/mizan/core/objectDM.c' ('players/mizan/core/objectDM') line 603
2017.06.27 04:45:27 Error in call out.
2017.06.27 04:45:27 call_out: user 'mizan' had an error: rescheduling call_out.
2017.06.27 04:45:27 call_out: user 'mizan' had an error: rescheduling call_out.
2017.06.27 04:45:27 call_out: user 'mizan' had an error: rescheduling call_out.
2017.06.27 04:45:27 call_out: user 'mizan' had an error: rescheduling call_out.
2017.06.27 04:45:27 call_out: user 'mizan' had an error: rescheduling call_out.
2017.06.27 04:45:27 call_out: user 'mizan' had an error: rescheduling call_out.
2017.06.27 04:45:29 Index for [] out of bounds: 200, vector size: 200
2017.06.27 04:45:29 program: players/mizan/core/objectDM.c, object: players/mizan/core/objectDM line 603
'limited_issue_check' in 'players/mizan/core/weapon.c' ('players/mizan/etheriel/items/cardboard-tube#10858') line 114
'count_object_instances' in 'players/mizan/core/objectDM.c' ('players/mizan/core/objectDM') line 603
2017.06.27 04:45:29 Error in call out.
2017.06.27 04:45:29 call_out: user 'mizan' had an error: rescheduling call_out.
2017.06.27 04:45:29 call_out: user 'mizan' had an error: rescheduling call_out.
2017.06.27 04:45:29 call_out: user 'mizan' had an error: rescheduling call_out.
2017.06.27 04:45:29 call_out: user 'mizan' had an error: rescheduling call_out.
2017.06.27 04:45:29 call_out: user 'mizan' had an error: rescheduling call_out.
2017.06.27 04:45:29 call_out: user 'mizan' had an error: rescheduling call_out.
2017.06.27 04:45:29 call_out: user 'mizan' had an error: rescheduling call_out.
2017.06.27 04:45:29 call_out: user 'mizan' had an error: rescheduling call_out.
2017.06.27 04:45:29 call_out: user 'mizan' had an error: rescheduling call_out.
2017.06.28 20:45:57 Index for [] out of bounds: 73, vector size: 73
2017.06.28 20:45:57 program: players/mizan/core/objectDM.c, object: players/mizan/core/objectDM line 603
'limited_issue_check' in 'players/mizan/core/weapon.c' ('players/mizan/etheriel/items/cardboard-tube') line 114
'count_object_instances' in 'players/mizan/core/objectDM.c' ('players/mizan/core/objectDM') line 603
2017.06.28 20:45:57 Error in call out.
2017.06.28 20:45:57 call_out: user 'mizan' had an error: rescheduling call_out.
2017.06.28 20:45:57 call_out: user 'mizan' had an error: rescheduling call_out.
2017.06.28 20:45:57 call_out: user 'mizan' had an error: rescheduling call_out.
2017.06.28 20:45:57 call_out: user 'mizan' had an error: rescheduling call_out.
2017.06.28 20:45:57 call_out: user 'mizan' had an error: rescheduling call_out.
2017.06.28 20:45:57 call_out: user 'mizan' had an error: rescheduling call_out.
2017.06.28 20:45:57 call_out: user 'mizan' had an error: rescheduling call_out.
2017.06.28 20:45:57 call_out: user 'mizan' had an error: rescheduling call_out.
2017.06.28 20:45:59 Index for [] out of bounds: 73, vector size: 73
2017.06.28 20:45:59 program: players/mizan/core/objectDM.c, object: players/mizan/core/objectDM line 603
'limited_issue_check' in 'players/mizan/core/weapon.c' ('players/mizan/etheriel/items/cardboard-tube#11414') line 114
'count_object_instances' in 'players/mizan/core/objectDM.c' ('players/mizan/core/objectDM') line 603
2017.06.28 20:45:59 Error in call out.
2017.06.28 20:45:59 call_out: user 'mizan' had an error: rescheduling call_out.
2017.06.28 20:45:59 call_out: user 'mizan' had an error: rescheduling call_out.
2017.06.28 20:45:59 call_out: user 'mizan' had an error: rescheduling call_out.
2017.06.28 20:45:59 call_out: user 'mizan' had an error: rescheduling call_out.
2017.06.28 20:45:59 call_out: user 'mizan' had an error: rescheduling call_out.
2017.06.29 02:18:41 Index for [] out of bounds: 92, vector size: 92
2017.06.29 02:18:41 program: players/mizan/core/objectDM.c, object: players/mizan/core/objectDM line 603
'limited_issue_check' in 'players/mizan/core/weapon.c' ('players/mizan/etheriel/items/cardboard-tube') line 114
'count_object_instances' in 'players/mizan/core/objectDM.c' ('players/mizan/core/objectDM') line 603
2017.06.29 02:18:41 Error in call out.
2017.06.29 02:18:41 call_out: user 'mizan' had an error: rescheduling call_out.
2017.06.29 02:18:41 call_out: user 'mizan' had an error: rescheduling call_out.
2017.06.29 02:18:41 call_out: user 'mizan' had an error: rescheduling call_out.
2017.06.29 02:18:41 call_out: user 'mizan' had an error: rescheduling call_out.
2017.06.29 02:18:41 call_out: user 'mizan' had an error: rescheduling call_out.
2017.06.29 02:18:41 call_out: user 'mizan' had an error: rescheduling call_out.
2017.06.29 02:18:41 call_out: user 'mizan' had an error: rescheduling call_out.
2017.06.29 02:18:41 call_out: user 'mizan' had an error: rescheduling call_out.
2017.06.29 02:18:43 Index for [] out of bounds: 92, vector size: 92
2017.06.29 02:18:43 program: players/mizan/core/objectDM.c, object: players/mizan/core/objectDM line 603
'limited_issue_check' in 'players/mizan/core/weapon.c' ('players/mizan/etheriel/items/cardboard-tube#11511') line 114
'count_object_instances' in 'players/mizan/core/objectDM.c' ('players/mizan/core/objectDM') line 603
2017.06.29 02:18:43 Error in call out.
2017.06.29 02:18:43 call_out: user 'mizan' had an error: rescheduling call_out.
2017.06.29 02:18:43 call_out: user 'mizan' had an error: rescheduling call_out.
