2017.08.23 11:49:45 LDMud 3.3.720 (Build 3010) (stable)
2017.08.23 11:49:45 TLS: (OpenSSL) Keyfile 'key.pem', Certfile 'cert.pem'
2017.08.23 11:49:45 TLS: Error setting x509 keyfile:
2017.08.23 11:49:45 TLS: SSL error:02001002:system library:fopen:No such file or directory.
2017.08.23 11:49:45 TLS: SSL error:20074002:BIO routines:FILE_CTRL:system lib.
2017.08.23 11:49:45 TLS: SSL error:140B0002:SSL routines:SSL_CTX_use_PrivateKey_file:system lib.
2017.08.23 11:49:45 mySQL 5.5.54
2017.08.23 11:49:45 Attempting to start erq '/home/petebre/mymud/lp312/mudbin/erq'.
2017.08.23 11:49:45 Hostname 'loafy' address '174.137.154.70'
2017.08.23 11:49:45 UDP recv-socket requested for port: 3507
2017.08.23 11:49:46 LDMud ready for users.
2017.08.23 11:51:50 Error in loading object: 'bin/wiz/_mysql'.
2017.08.23 11:51:50 program: obj/user/cmd_hook.c, object: obj/player#373 line 33
'       cmd_hook' in '        obj/player.c' ('      obj/player#373') line 3402
'       cmd_hook' in ' obj/user/cmd_hook.c' ('      obj/player#373') line 33
2017.08.23 11:56:33 Bad arg 1 to call_other(): got 'number', expected 'string/array/object'.
2017.08.23 11:56:33 program: obj/player.c, object: obj/player line 2540
'     heart_beat' in '        obj/player.c' ('          obj/player') line 1597
'       autosave' in '        obj/player.c' ('          obj/player') line 1272
'        save_me' in '        obj/player.c' ('          obj/player') line 2514
'  illegal_patch' in '        obj/player.c' ('          obj/player') line 2540
2017.08.23 11:56:33 Heart beat in obj/player turned off.
2017.08.23 11:56:33 Error in heartbeat.
2017.08.23 17:23:47 Failed to load file: 'players/ulath/crap/sofa'.
2017.08.23 17:23:47 program: players/mizan/closed/RandomRoom.c, object: players/mizan/etheriel/ROOMS/suzuka line 42
'   load_objects' in 'players/mizan/closed/RandomRoom.c' ('players/mizan/etheriel/ROOMS/suzuka') line 42
2017.08.23 17:23:47 Error in call out.
2017.08.23 17:23:47 call_out: user 'mizan' had an error: rescheduling call_out.
2017.08.23 17:23:47 call_out: user 'mizan' had an error: rescheduling call_out.
2017.08.23 17:23:47 call_out: user 'mizan' had an error: rescheduling call_out.
2017.08.23 17:52:10 Missing 'return <value>' statement.
2017.08.23 17:52:10 program: obj/go_player.c, object: obj/go_player#151 line 132
2017.08.23 19:51:59 Bad arg 1 to tell_room(): got 'number', expected 'string/object'.
2017.08.23 19:51:59 program: players/mythos/closed/play/updates.c, object: players/mythos/closed/play/updates line 412
'     heart_beat' in 'players/mythos/closed/play/updates.c' ('players/mythos/closed/play/updates') line 421
'          sweep' in 'players/mythos/closed/play/updates.c' ('players/mythos/closed/play/updates') line 356
'          swept' in 'players/mythos/closed/play/updates.c' ('players/mythos/closed/play/updates') line 412
2017.08.23 19:51:59 Heart beat in players/mythos/closed/play/updates turned off.
2017.08.23 19:51:59 Error in heartbeat.
2017.08.24 06:05:06 Undefined function: save_wiz_file
2017.08.24 06:05:06 program: obj/master.c, object: obj/master line 2796
'notify_shutdown' in '        obj/master.c' ('          obj/master') line 1654
'  save_wiz_file' in '        obj/master.c' ('          obj/master') line 2796
2017.08.24 06:05:06 Error in master_ob->notify_shutdown()
